<?xml version="1.0" encoding="UTF-8"?>
<testsuites>
  <testsuite name="fastlane.lanes">
    
    
    
      
      <testcase classname="fastlane.lanes" name="0: default_platform" time="0.0026039">
        
      </testcase>
    
      
      <testcase classname="fastlane.lanes" name="1: flutter clean" time="1.537856">
        
      </testcase>
    
      
      <testcase classname="fastlane.lanes" name="2: flutter build apk --release --flavor production --target lib/main_production.dart --no-tree-shake-icons" time="35.4277671">
        
          <failure message="C:/Ruby33-x64/lib/ruby/gems/3.3.0/gems/fastlane-2.221.1/fastlane/lib/fastlane/actions/actions_helper.rb:67:in `execute_action&apos;&#10;C:/Ruby33-x64/lib/ruby/gems/3.3.0/gems/fastlane-2.221.1/fastlane/lib/fastlane/fast_file.rb:222:in `sh&apos;&#10;C:/Ruby33-x64/lib/ruby/gems/3.3.0/gems/fastlane-2.221.1/fastlane/lib/fastlane/fast_file.rb:216:in `sh&apos;&#10;Fastfile:7:in `block (2 levels) in parsing_binding&apos;&#10;C:/Ruby33-x64/lib/ruby/gems/3.3.0/gems/fastlane-2.221.1/fastlane/lib/fastlane/lane.rb:41:in `call&apos;&#10;C:/Ruby33-x64/lib/ruby/gems/3.3.0/gems/fastlane-2.221.1/fastlane/lib/fastlane/runner.rb:49:in `block in execute&apos;&#10;C:/Ruby33-x64/lib/ruby/gems/3.3.0/gems/fastlane-2.221.1/fastlane/lib/fastlane/runner.rb:45:in `chdir&apos;&#10;C:/Ruby33-x64/lib/ruby/gems/3.3.0/gems/fastlane-2.221.1/fastlane/lib/fastlane/runner.rb:45:in `execute&apos;&#10;C:/Ruby33-x64/lib/ruby/gems/3.3.0/gems/fastlane-2.221.1/fastlane/lib/fastlane/lane_manager.rb:46:in `cruise_lane&apos;&#10;C:/Ruby33-x64/lib/ruby/gems/3.3.0/gems/fastlane-2.221.1/fastlane/lib/fastlane/command_line_handler.rb:34:in `handle&apos;&#10;C:/Ruby33-x64/lib/ruby/gems/3.3.0/gems/fastlane-2.221.1/fastlane/lib/fastlane/commands_generator.rb:110:in `block (2 levels) in run&apos;&#10;C:/Ruby33-x64/lib/ruby/gems/3.3.0/gems/commander-4.6.0/lib/commander/command.rb:187:in `call&apos;&#10;C:/Ruby33-x64/lib/ruby/gems/3.3.0/gems/commander-4.6.0/lib/commander/command.rb:157:in `run&apos;&#10;C:/Ruby33-x64/lib/ruby/gems/3.3.0/gems/commander-4.6.0/lib/commander/runner.rb:444:in `run_active_command&apos;&#10;C:/Ruby33-x64/lib/ruby/gems/3.3.0/gems/fastlane-2.221.1/fastlane_core/lib/fastlane_core/ui/fastlane_runner.rb:124:in `run!&apos;&#10;C:/Ruby33-x64/lib/ruby/gems/3.3.0/gems/commander-4.6.0/lib/commander/delegates.rb:18:in `run!&apos;&#10;C:/Ruby33-x64/lib/ruby/gems/3.3.0/gems/fastlane-2.221.1/fastlane/lib/fastlane/commands_generator.rb:363:in `run&apos;&#10;C:/Ruby33-x64/lib/ruby/gems/3.3.0/gems/fastlane-2.221.1/fastlane/lib/fastlane/commands_generator.rb:43:in `start&apos;&#10;C:/Ruby33-x64/lib/ruby/gems/3.3.0/gems/fastlane-2.221.1/fastlane/lib/fastlane/cli_tools_distributor.rb:123:in `take_off&apos;&#10;C:/Ruby33-x64/lib/ruby/gems/3.3.0/gems/fastlane-2.221.1/bin/fastlane:23:in `&lt;top (required)&gt;&apos;&#10;C:/Ruby33-x64/bin/fastlane:32:in `load&apos;&#10;C:/Ruby33-x64/bin/fastlane:32:in `&lt;main&gt;&apos;&#10;&#10;Exit status of command &apos;flutter build apk --release --flavor production --target lib/main_production.dart --no-tree-shake-icons&apos; was 1 instead of 0.&#10;Changing current working directory to: C:\Users\ahmed\Documents\flutter_projects\docspot&#10;Resolving dependencies...&#10;Downloading packages...&#10;  _fe_analyzer_shared 67.0.0 (73.0.0 available)&#10;  analyzer 6.4.1 (6.8.0 available)&#10;  collection 1.18.0 (1.19.0 available)&#10;  freezed 2.5.2 (2.5.7 available)&#10;  http_parser 4.0.2 (4.1.0 available)&#10;  leak_tracker 10.0.4 (10.0.5 available)&#10;  leak_tracker_flutter_testing 3.0.3 (3.0.5 available)&#10;  material_color_utilities 0.8.0 (0.12.0 available)&#10;  meta 1.12.0 (1.15.0 available)&#10;  shelf 1.4.1 (1.4.2 available)&#10;  string_scanner 1.2.0 (1.3.0 available)&#10;  test_api 0.7.0 (0.7.3 available)&#10;  vm_service 14.2.1 (14.2.4 available)&#10;  web 0.5.1 (1.0.0 available)&#10;Got dependencies!&#10;14 packages have newer versions incompatible with dependency constraints.&#10;Try `flutter pub outdated` for more information.&#10;&#10;Running Gradle task &apos;assembleProductionRelease&apos;...              &#10;&#10;FAILURE: Build failed with an exception.&#10;&#10;* Where:&#10;Build file &apos;C:\Users\ahmed\Documents\flutter_projects\docspot\android\app\build.gradle&apos; line: 32&#10;&#10;* What went wrong:&#10;A problem occurred evaluating project &apos;:app&apos;.&#10;&gt; Could not get unknown property &apos;versionCode&apos; for extension &apos;flutter&apos; of type FlutterExtension.&#10;&#10;* Try:&#10;&gt; Run with --stacktrace option to get the stack trace.&#10;&gt; Run with --info or --debug option to get more log output.&#10;&gt; Run with --scan to get full insights.&#10;&#10;* Get more help at https://help.gradle.org&#10;&#10;BUILD FAILED in 27s&#10;Running Gradle task &apos;assembleProductionRelease&apos;...                 29.8s&#10;Gradle task assembleProductionRelease failed with exit code 1&#10;" />
        
      </testcase>
    
  </testsuite>
</testsuites>
